# JRE version: Java(TM) SE Runtime Environment (8.0_101-b13) (build 1.8.0_101-b13)
# Java VM: Java HotSpot(TM) 64-Bit Server VM (25.101-b13 mixed mode bsd-amd64 compressed oops)
Heap:
 PSYoungGen      total 76288K, used 32047K [0x000000076ab00000, 0x0000000770000000, 0x00000007c0000000)
  eden space 65536K, 48% used [0x000000076ab00000,0x000000076ca4bc08,0x000000076eb00000)
  from space 10752K, 0% used [0x000000076eb00000,0x000000076eb00000,0x000000076f580000)
  to   space 10752K, 0% used [0x000000076f580000,0x000000076f580000,0x0000000770000000)
 ParOldGen       total 78336K, used 10467K [0x00000006c0000000, 0x00000006c4c80000, 0x000000076ab00000)
  object space 78336K, 13% used [0x00000006c0000000,0x00000006c0a38c10,0x00000006c4c80000)
 Metaspace       used 27080K, capacity 28226K, committed 28416K, reserved 1073152K
  class space    used 3746K, capacity 4008K, committed 4096K, reserved 1048576K
GC Heap History (4 events):
Event: 15.395 GC heap before
{Heap before GC invocations=1 (full 0):
 PSYoungGen      total 76288K, used 57636K [0x000000076ab00000, 0x0000000770000000, 0x00000007c0000000)
  eden space 65536K, 87% used [0x000000076ab00000,0x000000076e3493f0,0x000000076eb00000)
  from space 10752K, 0% used [0x000000076f580000,0x000000076f580000,0x0000000770000000)
  to   space 10752K, 0% used [0x000000076eb00000,0x000000076eb00000,0x000000076f580000)
 ParOldGen       total 175104K, used 0K [0x00000006c0000000, 0x00000006cab00000, 0x000000076ab00000)
  object space 175104K, 0% used [0x00000006c0000000,0x00000006c0000000,0x00000006cab00000)
 Metaspace       used 20026K, capacity 21218K, committed 21296K, reserved 1067008K
  class space    used 2874K, capacity 3144K, committed 3200K, reserved 1048576K
Event: 15.405 GC heap after
Heap after GC invocations=1 (full 0):
 PSYoungGen      total 76288K, used 10560K [0x000000076ab00000, 0x0000000770000000, 0x00000007c0000000)
  eden space 65536K, 0% used [0x000000076ab00000,0x000000076ab00000,0x000000076eb00000)
  from space 10752K, 98% used [0x000000076eb00000,0x000000076f550038,0x000000076f580000)
  to   space 10752K, 0% used [0x000000076f580000,0x000000076f580000,0x0000000770000000)
 ParOldGen       total 175104K, used 2136K [0x00000006c0000000, 0x00000006cab00000, 0x000000076ab00000)
  object space 175104K, 1% used [0x00000006c0000000,0x00000006c0216020,0x00000006cab00000)
 Metaspace       used 20026K, capacity 21218K, committed 21296K, reserved 1067008K
  class space    used 2874K, capacity 3144K, committed 3200K, reserved 1048576K
}
Event: 15.405 GC heap before
{Heap before GC invocations=2 (full 1):
 PSYoungGen      total 76288K, used 10560K [0x000000076ab00000, 0x0000000770000000, 0x00000007c0000000)
  eden space 65536K, 0% used [0x000000076ab00000,0x000000076ab00000,0x000000076eb00000)
  from space 10752K, 98% used [0x000000076eb00000,0x000000076f550038,0x000000076f580000)
  to   space 10752K, 0% used [0x000000076f580000,0x000000076f580000,0x0000000770000000)
 ParOldGen       total 175104K, used 2136K [0x00000006c0000000, 0x00000006cab00000, 0x000000076ab00000)
  object space 175104K, 1% used [0x00000006c0000000,0x00000006c0216020,0x00000006cab00000)
 Metaspace       used 20026K, capacity 21218K, committed 21296K, reserved 1067008K
  class space    used 2874K, capacity 3144K, committed 3200K, reserved 1048576K
Event: 15.439 GC heap after
Heap after GC invocations=2 (full 1):
 PSYoungGen      total 76288K, used 0K [0x000000076ab00000, 0x0000000770000000, 0x00000007c0000000)
  eden space 65536K, 0% used [0x000000076ab00000,0x000000076ab00000,0x000000076eb00000)
  from space 10752K, 0% used [0x000000076eb00000,0x000000076eb00000,0x000000076f580000)
  to   space 10752K, 0% used [0x000000076f580000,0x000000076f580000,0x0000000770000000)
 ParOldGen       total 78336K, used 10467K [0x00000006c0000000, 0x00000006c4c80000, 0x000000076ab00000)
  object space 78336K, 13% used [0x00000006c0000000,0x00000006c0a38c10,0x00000006c4c80000)
 Metaspace       used 20026K, capacity 21218K, committed 21296K, reserved 1067008K
  class space    used 2874K, capacity 3144K, committed 3200K, reserved 1048576K
}

